[debug] [2022-10-09T18:24:26.224Z] ----------------------------------------------------------------------
[debug] [2022-10-09T18:24:26.226Z] Command:       C:\Program Files\nodejs\node.exe C:\Users\Andro Eugenio\AppData\Roaming\npm\node_modules\firebase-tools\lib\bin\firebase.js init
[debug] [2022-10-09T18:24:26.226Z] CLI Version:   11.10.0
[debug] [2022-10-09T18:24:26.226Z] Platform:      win32
[debug] [2022-10-09T18:24:26.226Z] Node Version:  v16.15.1
[debug] [2022-10-09T18:24:26.227Z] Time:          Mon Oct 10 2022 02:24:26 GMT+0800 (China Standard Time)
[debug] [2022-10-09T18:24:26.227Z] ----------------------------------------------------------------------
[debug] 
[debug] [2022-10-09T18:24:26.232Z] > command requires scopes: ["email","openid","https://www.googleapis.com/auth/cloudplatformprojects.readonly","https://www.googleapis.com/auth/firebase","https://www.googleapis.com/auth/cloud-platform"]
[debug] [2022-10-09T18:24:26.232Z] > authorizing via signed-in user (ladydianne.garcia.n@bulsu.edu.ph)
[info] 
     ######## #### ########  ######## ########     ###     ######  ########
     ##        ##  ##     ## ##       ##     ##  ##   ##  ##       ##
     ######    ##  ########  ######   ########  #########  ######  ######
     ##        ##  ##    ##  ##       ##     ## ##     ##       ## ##
     ##       #### ##     ## ######## ########  ##     ##  ######  ########

You're about to initialize a Firebase project in this directory:

  D:\rootfolder\MNRNSTACK-PROJECTS\pet-adoption\client

[info] 
=== Project Setup
[info] 
[info] First, let's associate this project directory with a Firebase project.
[info] You can create multiple project aliases by running firebase use --add, 
[info] but for now we'll just set up a default project.
[info] 
[debug] [2022-10-09T18:24:31.004Z] >>> [apiv2][query] GET https://firebase.googleapis.com/v1beta1/projects pageSize=100
[debug] [2022-10-09T18:24:31.775Z] <<< [apiv2][status] GET https://firebase.googleapis.com/v1beta1/projects 200
[debug] [2022-10-09T18:24:31.775Z] <<< [apiv2][body] GET https://firebase.googleapis.com/v1beta1/projects [omitted]
[info] i  Using project noahs-ark-dog-cat-shelter (noahs-ark-dog-cat-shelter) 
[info] 
=== Hosting Setup
[info] 
[info] Your public directory is the folder (relative to your project directory) that
[info] will contain Hosting assets to be uploaded with firebase deploy. If you
[info] have a build process for your assets, use your build's output directory.
[info] 
